
Gurobi 9.0.1 (win64, C++) logging started 03/17/20 16:19:34

Academic license - for non-commercial use only

Gurobi 9.0.1 (win64, C++) logging started 03/17/20 16:20:01

Academic license - for non-commercial use only

Gurobi 9.0.1 (win64, C++) logging started 03/17/20 16:24:52

Academic license - for non-commercial use only

Gurobi 9.0.1 (win64, C++) logging started 03/17/20 16:25:24

Academic license - for non-commercial use only

Gurobi 9.0.1 (win64, C++) logging started 03/17/20 16:29:42

Academic license - for non-commercial use only

Gurobi 9.0.1 (win64, C++) logging started 03/17/20 16:37:40

Academic license - for non-commercial use only

Gurobi 9.0.1 (win64, C++) logging started 03/17/20 16:48:45

Academic license - for non-commercial use only

Gurobi 9.0.1 (win64, C++) logging started 03/17/20 17:01:57

Academic license - for non-commercial use only
Gurobi Optimizer version 9.0.1 build v9.0.1rc0 (win64)
Optimize a model with 5 rows, 16 columns and 24 nonzeros
Model fingerprint: 0x4bdb0bc1
Model has 12 quadratic objective terms
Coefficient statistics:
  Matrix range     [1e+00, 1e+00]
  Objective range  [4e+01, 8e+01]
  QObjective range [2e-01, 2e+01]
  Bounds range     [1e+03, 1e+03]
  RHS range        [0e+00, 0e+00]
Presolve removed 0 rows and 5 columns
Presolve time: 0.04s
Presolved: 5 rows, 11 columns, 19 nonzeros
Presolved model has 12 quadratic objective terms
Ordering time: 0.00s

Barrier statistics:
 Free vars  : 5
 AA' NZ     : 3.900e+01
 Factor NZ  : 5.500e+01
 Factor Ops : 3.850e+02 (less than 1 second per iteration)
 Threads    : 1

                  Objective                Residual
Iter       Primal          Dual         Primal    Dual     Compl     Time
   0   1.04637873e+06 -4.56123500e+06  1.27e+03 5.61e+02  1.17e+06     0s
   1   5.24464567e+02 -2.62316670e+06  1.27e-03 5.61e-04  1.19e+05     0s
   2   9.75697187e+01 -1.62784047e+04  4.94e-06 2.18e-06  7.44e+02     0s
   3   2.41205956e+01  3.21889778e+00  1.48e-10 6.54e-11  9.50e-01     0s
   4   2.41203517e+01  2.40994306e+01  9.95e-14 7.22e-14  9.51e-04     0s
   5   2.41203517e+01  2.41203308e+01  2.42e-13 1.13e-15  9.52e-07     0s
   6   2.41203517e+01  2.41203517e+01  1.71e-13 2.67e-14  9.53e-10     0s

Barrier solved model in 6 iterations and 0.07 seconds
Optimal objective 2.41203517e+01


Gurobi 9.0.1 (win64, C++) logging started 03/17/20 18:51:13

Academic license - for non-commercial use only
Gurobi Optimizer version 9.0.1 build v9.0.1rc0 (win64)
Optimize a model with 5 rows, 16 columns and 24 nonzeros
Model fingerprint: 0x560cdb23
Model has 14 quadratic objective terms
Coefficient statistics:
  Matrix range     [1e+00, 1e+00]
  Objective range  [6e+01, 7e+01]
  QObjective range [5e-08, 2e+01]
  Bounds range     [1e+03, 1e+03]
  RHS range        [0e+00, 0e+00]
Presolve removed 0 rows and 5 columns
Presolve time: 0.00s
Presolved: 5 rows, 11 columns, 19 nonzeros
Presolved model has 14 quadratic objective terms
Ordering time: 0.00s

Barrier statistics:
 Free vars  : 5
 AA' NZ     : 4.100e+01
 Factor NZ  : 5.500e+01
 Factor Ops : 3.850e+02 (less than 1 second per iteration)
 Threads    : 1

                  Objective                Residual
Iter       Primal          Dual         Primal    Dual     Compl     Time
   0   1.10320378e+06 -3.76307000e+06  1.38e+03 6.57e+02  1.14e+06     0s
   1   2.00988822e+02 -2.40860178e+06  1.38e-03 6.57e-04  1.09e+05     0s
   2   5.42151357e+01 -9.50929422e+03  3.60e-06 1.72e-06  4.35e+02     0s
   3   1.96313571e+01  6.59771648e+00  3.60e-12 1.76e-12  5.92e-01     0s
   4   1.96310728e+01  1.96180279e+01  5.68e-14 1.78e-15  5.93e-04     0s
   5   1.96310728e+01  1.96310598e+01  5.68e-14 2.62e-14  5.94e-07     0s
   6   1.96310728e+01  1.96310728e+01  5.68e-14 8.66e-14  5.94e-10     0s

Barrier solved model in 6 iterations and 0.00 seconds
Optimal objective 1.96310728e+01


Gurobi 9.0.1 (win64, C++) logging started 03/17/20 18:51:13

Academic license - for non-commercial use only
Gurobi Optimizer version 9.0.1 build v9.0.1rc0 (win64)
Optimize a model with 5 rows, 16 columns and 24 nonzeros
Model fingerprint: 0x560cdb23
Model has 14 quadratic objective terms
Coefficient statistics:
  Matrix range     [1e+00, 1e+00]
  Objective range  [6e+01, 7e+01]
  QObjective range [5e-08, 2e+01]
  Bounds range     [1e+03, 1e+03]
  RHS range        [0e+00, 0e+00]
Presolve removed 0 rows and 5 columns
Presolve time: 0.00s
Presolved: 5 rows, 11 columns, 19 nonzeros
Presolved model has 14 quadratic objective terms
Ordering time: 0.00s

Barrier statistics:
 Free vars  : 5
 AA' NZ     : 4.100e+01
 Factor NZ  : 5.500e+01
 Factor Ops : 3.850e+02 (less than 1 second per iteration)
 Threads    : 1

                  Objective                Residual
Iter       Primal          Dual         Primal    Dual     Compl     Time
   0   1.10320378e+06 -3.76307000e+06  1.38e+03 6.57e+02  1.14e+06     0s
   1   2.00988822e+02 -2.40860178e+06  1.38e-03 6.57e-04  1.09e+05     0s
   2   5.42151357e+01 -9.50929422e+03  3.60e-06 1.72e-06  4.35e+02     0s
   3   1.96313571e+01  6.59771648e+00  3.60e-12 1.76e-12  5.92e-01     0s
   4   1.96310728e+01  1.96180279e+01  5.68e-14 1.78e-15  5.93e-04     0s
   5   1.96310728e+01  1.96310598e+01  5.68e-14 2.62e-14  5.94e-07     0s
   6   1.96310728e+01  1.96310728e+01  5.68e-14 8.66e-14  5.94e-10     0s

Barrier solved model in 6 iterations and 0.00 seconds
Optimal objective 1.96310728e+01


Gurobi 9.0.1 (win64, C++) logging started 03/17/20 18:51:27

Academic license - for non-commercial use only
Gurobi Optimizer version 9.0.1 build v9.0.1rc0 (win64)
Optimize a model with 5 rows, 16 columns and 24 nonzeros
Model fingerprint: 0x560cdb23
Model has 14 quadratic objective terms
Coefficient statistics:
  Matrix range     [1e+00, 1e+00]
  Objective range  [6e+01, 7e+01]
  QObjective range [5e-08, 2e+01]
  Bounds range     [1e+03, 1e+03]
  RHS range        [0e+00, 0e+00]
Presolve removed 0 rows and 5 columns
Presolve time: 0.00s
Presolved: 5 rows, 11 columns, 19 nonzeros
Presolved model has 14 quadratic objective terms
Ordering time: 0.00s

Barrier statistics:
 Free vars  : 5
 AA' NZ     : 4.100e+01
 Factor NZ  : 5.500e+01
 Factor Ops : 3.850e+02 (less than 1 second per iteration)
 Threads    : 1

                  Objective                Residual
Iter       Primal          Dual         Primal    Dual     Compl     Time
   0   1.10320378e+06 -3.76307000e+06  1.38e+03 6.57e+02  1.14e+06     0s
   1   2.00988822e+02 -2.40860178e+06  1.38e-03 6.57e-04  1.09e+05     0s
   2   5.42151357e+01 -9.50929422e+03  3.60e-06 1.72e-06  4.35e+02     0s
   3   1.96313571e+01  6.59771648e+00  3.60e-12 1.76e-12  5.92e-01     0s
   4   1.96310728e+01  1.96180279e+01  5.68e-14 1.78e-15  5.93e-04     0s
   5   1.96310728e+01  1.96310598e+01  5.68e-14 2.62e-14  5.94e-07     0s
   6   1.96310728e+01  1.96310728e+01  5.68e-14 8.66e-14  5.94e-10     0s

Barrier solved model in 6 iterations and 0.00 seconds
Optimal objective 1.96310728e+01


Gurobi 9.0.1 (win64, C++) logging started 03/17/20 18:51:27

Academic license - for non-commercial use only
Gurobi Optimizer version 9.0.1 build v9.0.1rc0 (win64)
Optimize a model with 5 rows, 16 columns and 24 nonzeros
Model fingerprint: 0x560cdb23
Model has 14 quadratic objective terms
Coefficient statistics:
  Matrix range     [1e+00, 1e+00]
  Objective range  [6e+01, 7e+01]
  QObjective range [5e-08, 2e+01]
  Bounds range     [1e+03, 1e+03]
  RHS range        [0e+00, 0e+00]
Presolve removed 0 rows and 5 columns
Presolve time: 0.00s
Presolved: 5 rows, 11 columns, 19 nonzeros
Presolved model has 14 quadratic objective terms
Ordering time: 0.00s

Barrier statistics:
 Free vars  : 5
 AA' NZ     : 4.100e+01
 Factor NZ  : 5.500e+01
 Factor Ops : 3.850e+02 (less than 1 second per iteration)
 Threads    : 1

                  Objective                Residual
Iter       Primal          Dual         Primal    Dual     Compl     Time
   0   1.10320378e+06 -3.76307000e+06  1.38e+03 6.57e+02  1.14e+06     0s
   1   2.00988822e+02 -2.40860178e+06  1.38e-03 6.57e-04  1.09e+05     0s
   2   5.42151357e+01 -9.50929422e+03  3.60e-06 1.72e-06  4.35e+02     0s
   3   1.96313571e+01  6.59771648e+00  3.60e-12 1.76e-12  5.92e-01     0s
   4   1.96310728e+01  1.96180279e+01  5.68e-14 1.78e-15  5.93e-04     0s
   5   1.96310728e+01  1.96310598e+01  5.68e-14 2.62e-14  5.94e-07     0s
   6   1.96310728e+01  1.96310728e+01  5.68e-14 8.66e-14  5.94e-10     0s

Barrier solved model in 6 iterations and 0.00 seconds
Optimal objective 1.96310728e+01


Gurobi 9.0.1 (win64, C++) logging started 03/17/20 18:51:27

Academic license - for non-commercial use only
Gurobi Optimizer version 9.0.1 build v9.0.1rc0 (win64)
Optimize a model with 5 rows, 16 columns and 24 nonzeros
Model fingerprint: 0x560cdb23
Model has 14 quadratic objective terms
Coefficient statistics:
  Matrix range     [1e+00, 1e+00]
  Objective range  [6e+01, 7e+01]
  QObjective range [5e-08, 2e+01]
  Bounds range     [1e+03, 1e+03]
  RHS range        [0e+00, 0e+00]
Presolve removed 0 rows and 5 columns
Presolve time: 0.00s
Presolved: 5 rows, 11 columns, 19 nonzeros
Presolved model has 14 quadratic objective terms
Ordering time: 0.00s

Barrier statistics:
 Free vars  : 5
 AA' NZ     : 4.100e+01
 Factor NZ  : 5.500e+01
 Factor Ops : 3.850e+02 (less than 1 second per iteration)
 Threads    : 1

                  Objective                Residual
Iter       Primal          Dual         Primal    Dual     Compl     Time
   0   1.10320378e+06 -3.76307000e+06  1.38e+03 6.57e+02  1.14e+06     0s
   1   2.00988822e+02 -2.40860178e+06  1.38e-03 6.57e-04  1.09e+05     0s
   2   5.42151357e+01 -9.50929422e+03  3.60e-06 1.72e-06  4.35e+02     0s
   3   1.96313571e+01  6.59771648e+00  3.60e-12 1.76e-12  5.92e-01     0s
   4   1.96310728e+01  1.96180279e+01  5.68e-14 1.78e-15  5.93e-04     0s
   5   1.96310728e+01  1.96310598e+01  5.68e-14 2.62e-14  5.94e-07     0s
   6   1.96310728e+01  1.96310728e+01  5.68e-14 8.66e-14  5.94e-10     0s

Barrier solved model in 6 iterations and 0.00 seconds
Optimal objective 1.96310728e+01


Gurobi 9.0.1 (win64, C++) logging started 03/17/20 18:51:27

Academic license - for non-commercial use only
Gurobi Optimizer version 9.0.1 build v9.0.1rc0 (win64)
Optimize a model with 5 rows, 16 columns and 24 nonzeros
Model fingerprint: 0x560cdb23
Model has 14 quadratic objective terms
Coefficient statistics:
  Matrix range     [1e+00, 1e+00]
  Objective range  [6e+01, 7e+01]
  QObjective range [5e-08, 2e+01]
  Bounds range     [1e+03, 1e+03]
  RHS range        [0e+00, 0e+00]
Presolve removed 0 rows and 5 columns
Presolve time: 0.00s
Presolved: 5 rows, 11 columns, 19 nonzeros
Presolved model has 14 quadratic objective terms
Ordering time: 0.00s

Barrier statistics:
 Free vars  : 5
 AA' NZ     : 4.100e+01
 Factor NZ  : 5.500e+01
 Factor Ops : 3.850e+02 (less than 1 second per iteration)
 Threads    : 1

                  Objective                Residual
Iter       Primal          Dual         Primal    Dual     Compl     Time
   0   1.10320378e+06 -3.76307000e+06  1.38e+03 6.57e+02  1.14e+06     0s
   1   2.00988822e+02 -2.40860178e+06  1.38e-03 6.57e-04  1.09e+05     0s
   2   5.42151357e+01 -9.50929422e+03  3.60e-06 1.72e-06  4.35e+02     0s
   3   1.96313571e+01  6.59771648e+00  3.60e-12 1.76e-12  5.92e-01     0s
   4   1.96310728e+01  1.96180279e+01  5.68e-14 1.78e-15  5.93e-04     0s
   5   1.96310728e+01  1.96310598e+01  5.68e-14 2.62e-14  5.94e-07     0s
   6   1.96310728e+01  1.96310728e+01  5.68e-14 8.66e-14  5.94e-10     0s

Barrier solved model in 6 iterations and 0.00 seconds
Optimal objective 1.96310728e+01


Gurobi 9.0.1 (win64, C++) logging started 03/17/20 18:51:27

Academic license - for non-commercial use only
Gurobi Optimizer version 9.0.1 build v9.0.1rc0 (win64)
Optimize a model with 5 rows, 16 columns and 24 nonzeros
Model fingerprint: 0x560cdb23
Model has 14 quadratic objective terms
Coefficient statistics:
  Matrix range     [1e+00, 1e+00]
  Objective range  [6e+01, 7e+01]
  QObjective range [5e-08, 2e+01]
  Bounds range     [1e+03, 1e+03]
  RHS range        [0e+00, 0e+00]
Presolve removed 0 rows and 5 columns
Presolve time: 0.00s
Presolved: 5 rows, 11 columns, 19 nonzeros
Presolved model has 14 quadratic objective terms
Ordering time: 0.00s

Barrier statistics:
 Free vars  : 5
 AA' NZ     : 4.100e+01
 Factor NZ  : 5.500e+01
 Factor Ops : 3.850e+02 (less than 1 second per iteration)
 Threads    : 1

                  Objective                Residual
Iter       Primal          Dual         Primal    Dual     Compl     Time
   0   1.10320378e+06 -3.76307000e+06  1.38e+03 6.57e+02  1.14e+06     0s
   1   2.00988822e+02 -2.40860178e+06  1.38e-03 6.57e-04  1.09e+05     0s
   2   5.42151357e+01 -9.50929422e+03  3.60e-06 1.72e-06  4.35e+02     0s
   3   1.96313571e+01  6.59771648e+00  3.60e-12 1.76e-12  5.92e-01     0s
   4   1.96310728e+01  1.96180279e+01  5.68e-14 1.78e-15  5.93e-04     0s
   5   1.96310728e+01  1.96310598e+01  5.68e-14 2.62e-14  5.94e-07     0s
   6   1.96310728e+01  1.96310728e+01  5.68e-14 8.66e-14  5.94e-10     0s

Barrier solved model in 6 iterations and 0.00 seconds
Optimal objective 1.96310728e+01


Gurobi 9.0.1 (win64, C++) logging started 03/17/20 18:51:27

Academic license - for non-commercial use only
Gurobi Optimizer version 9.0.1 build v9.0.1rc0 (win64)
Optimize a model with 5 rows, 16 columns and 24 nonzeros
Model fingerprint: 0x560cdb23
Model has 14 quadratic objective terms
Coefficient statistics:
  Matrix range     [1e+00, 1e+00]
  Objective range  [6e+01, 7e+01]
  QObjective range [5e-08, 2e+01]
  Bounds range     [1e+03, 1e+03]
  RHS range        [0e+00, 0e+00]
Presolve removed 0 rows and 5 columns
Presolve time: 0.00s
Presolved: 5 rows, 11 columns, 19 nonzeros
Presolved model has 14 quadratic objective terms
Ordering time: 0.00s

Barrier statistics:
 Free vars  : 5
 AA' NZ     : 4.100e+01
 Factor NZ  : 5.500e+01
 Factor Ops : 3.850e+02 (less than 1 second per iteration)
 Threads    : 1

                  Objective                Residual
Iter       Primal          Dual         Primal    Dual     Compl     Time
   0   1.10320378e+06 -3.76307000e+06  1.38e+03 6.57e+02  1.14e+06     0s
   1   2.00988822e+02 -2.40860178e+06  1.38e-03 6.57e-04  1.09e+05     0s
   2   5.42151357e+01 -9.50929422e+03  3.60e-06 1.72e-06  4.35e+02     0s
   3   1.96313571e+01  6.59771648e+00  3.60e-12 1.76e-12  5.92e-01     0s
   4   1.96310728e+01  1.96180279e+01  5.68e-14 1.78e-15  5.93e-04     0s
   5   1.96310728e+01  1.96310598e+01  5.68e-14 2.62e-14  5.94e-07     0s
   6   1.96310728e+01  1.96310728e+01  5.68e-14 8.66e-14  5.94e-10     0s

Barrier solved model in 6 iterations and 0.00 seconds
Optimal objective 1.96310728e+01


Gurobi 9.0.1 (win64, C++) logging started 03/17/20 18:51:27

Academic license - for non-commercial use only
Gurobi Optimizer version 9.0.1 build v9.0.1rc0 (win64)
Optimize a model with 5 rows, 16 columns and 24 nonzeros
Model fingerprint: 0x560cdb23
Model has 14 quadratic objective terms
Coefficient statistics:
  Matrix range     [1e+00, 1e+00]
  Objective range  [6e+01, 7e+01]
  QObjective range [5e-08, 2e+01]
  Bounds range     [1e+03, 1e+03]
  RHS range        [0e+00, 0e+00]
Presolve removed 0 rows and 5 columns
Presolve time: 0.00s
Presolved: 5 rows, 11 columns, 19 nonzeros
Presolved model has 14 quadratic objective terms
Ordering time: 0.00s

Barrier statistics:
 Free vars  : 5
 AA' NZ     : 4.100e+01
 Factor NZ  : 5.500e+01
 Factor Ops : 3.850e+02 (less than 1 second per iteration)
 Threads    : 1

                  Objective                Residual
Iter       Primal          Dual         Primal    Dual     Compl     Time
   0   1.10320378e+06 -3.76307000e+06  1.38e+03 6.57e+02  1.14e+06     0s
   1   2.00988822e+02 -2.40860178e+06  1.38e-03 6.57e-04  1.09e+05     0s
   2   5.42151357e+01 -9.50929422e+03  3.60e-06 1.72e-06  4.35e+02     0s
   3   1.96313571e+01  6.59771648e+00  3.60e-12 1.76e-12  5.92e-01     0s
   4   1.96310728e+01  1.96180279e+01  5.68e-14 1.78e-15  5.93e-04     0s
   5   1.96310728e+01  1.96310598e+01  5.68e-14 2.62e-14  5.94e-07     0s
   6   1.96310728e+01  1.96310728e+01  5.68e-14 8.66e-14  5.94e-10     0s

Barrier solved model in 6 iterations and 0.00 seconds
Optimal objective 1.96310728e+01


Gurobi 9.0.1 (win64, C++) logging started 03/17/20 18:51:27

Academic license - for non-commercial use only
Gurobi Optimizer version 9.0.1 build v9.0.1rc0 (win64)
Optimize a model with 5 rows, 16 columns and 24 nonzeros
Model fingerprint: 0x560cdb23
Model has 14 quadratic objective terms
Coefficient statistics:
  Matrix range     [1e+00, 1e+00]
  Objective range  [6e+01, 7e+01]
  QObjective range [5e-08, 2e+01]
  Bounds range     [1e+03, 1e+03]
  RHS range        [0e+00, 0e+00]
Presolve removed 0 rows and 5 columns
Presolve time: 0.00s
Presolved: 5 rows, 11 columns, 19 nonzeros
Presolved model has 14 quadratic objective terms
Ordering time: 0.00s

Barrier statistics:
 Free vars  : 5
 AA' NZ     : 4.100e+01
 Factor NZ  : 5.500e+01
 Factor Ops : 3.850e+02 (less than 1 second per iteration)
 Threads    : 1

                  Objective                Residual
Iter       Primal          Dual         Primal    Dual     Compl     Time
   0   1.10320378e+06 -3.76307000e+06  1.38e+03 6.57e+02  1.14e+06     0s
   1   2.00988822e+02 -2.40860178e+06  1.38e-03 6.57e-04  1.09e+05     0s
   2   5.42151357e+01 -9.50929422e+03  3.60e-06 1.72e-06  4.35e+02     0s
   3   1.96313571e+01  6.59771648e+00  3.60e-12 1.76e-12  5.92e-01     0s
   4   1.96310728e+01  1.96180279e+01  5.68e-14 1.78e-15  5.93e-04     0s
   5   1.96310728e+01  1.96310598e+01  5.68e-14 2.62e-14  5.94e-07     0s
   6   1.96310728e+01  1.96310728e+01  5.68e-14 8.66e-14  5.94e-10     0s

Barrier solved model in 6 iterations and 0.00 seconds
Optimal objective 1.96310728e+01


Gurobi 9.0.1 (win64, C++) logging started 03/17/20 18:51:27

Academic license - for non-commercial use only
Gurobi Optimizer version 9.0.1 build v9.0.1rc0 (win64)
Optimize a model with 5 rows, 16 columns and 24 nonzeros
Model fingerprint: 0x560cdb23
Model has 14 quadratic objective terms
Coefficient statistics:
  Matrix range     [1e+00, 1e+00]
  Objective range  [6e+01, 7e+01]
  QObjective range [5e-08, 2e+01]
  Bounds range     [1e+03, 1e+03]
  RHS range        [0e+00, 0e+00]
Presolve removed 0 rows and 5 columns
Presolve time: 0.00s
Presolved: 5 rows, 11 columns, 19 nonzeros
Presolved model has 14 quadratic objective terms
Ordering time: 0.00s

Barrier statistics:
 Free vars  : 5
 AA' NZ     : 4.100e+01
 Factor NZ  : 5.500e+01
 Factor Ops : 3.850e+02 (less than 1 second per iteration)
 Threads    : 1

                  Objective                Residual
Iter       Primal          Dual         Primal    Dual     Compl     Time
   0   1.10320378e+06 -3.76307000e+06  1.38e+03 6.57e+02  1.14e+06     0s
   1   2.00988822e+02 -2.40860178e+06  1.38e-03 6.57e-04  1.09e+05     0s
   2   5.42151357e+01 -9.50929422e+03  3.60e-06 1.72e-06  4.35e+02     0s
   3   1.96313571e+01  6.59771648e+00  3.60e-12 1.76e-12  5.92e-01     0s
   4   1.96310728e+01  1.96180279e+01  5.68e-14 1.78e-15  5.93e-04     0s
   5   1.96310728e+01  1.96310598e+01  5.68e-14 2.62e-14  5.94e-07     0s
   6   1.96310728e+01  1.96310728e+01  5.68e-14 8.66e-14  5.94e-10     0s

Barrier solved model in 6 iterations and 0.00 seconds
Optimal objective 1.96310728e+01


Gurobi 9.0.1 (win64, C++) logging started 03/17/20 18:51:27

Academic license - for non-commercial use only
Gurobi Optimizer version 9.0.1 build v9.0.1rc0 (win64)
Optimize a model with 5 rows, 16 columns and 24 nonzeros
Model fingerprint: 0x560cdb23
Model has 14 quadratic objective terms
Coefficient statistics:
  Matrix range     [1e+00, 1e+00]
  Objective range  [6e+01, 7e+01]
  QObjective range [5e-08, 2e+01]
  Bounds range     [1e+03, 1e+03]
  RHS range        [0e+00, 0e+00]
Presolve removed 0 rows and 5 columns
Presolve time: 0.00s
Presolved: 5 rows, 11 columns, 19 nonzeros
Presolved model has 14 quadratic objective terms
Ordering time: 0.00s

Barrier statistics:
 Free vars  : 5
 AA' NZ     : 4.100e+01
 Factor NZ  : 5.500e+01
 Factor Ops : 3.850e+02 (less than 1 second per iteration)
 Threads    : 1

                  Objective                Residual
Iter       Primal          Dual         Primal    Dual     Compl     Time
   0   1.10320378e+06 -3.76307000e+06  1.38e+03 6.57e+02  1.14e+06     0s
   1   2.00988822e+02 -2.40860178e+06  1.38e-03 6.57e-04  1.09e+05     0s
   2   5.42151357e+01 -9.50929422e+03  3.60e-06 1.72e-06  4.35e+02     0s
   3   1.96313571e+01  6.59771648e+00  3.60e-12 1.76e-12  5.92e-01     0s
   4   1.96310728e+01  1.96180279e+01  5.68e-14 1.78e-15  5.93e-04     0s
   5   1.96310728e+01  1.96310598e+01  5.68e-14 2.62e-14  5.94e-07     0s
   6   1.96310728e+01  1.96310728e+01  5.68e-14 8.66e-14  5.94e-10     0s

Barrier solved model in 6 iterations and 0.00 seconds
Optimal objective 1.96310728e+01


Gurobi 9.0.1 (win64, C++) logging started 03/17/20 18:51:28

Academic license - for non-commercial use only
Gurobi Optimizer version 9.0.1 build v9.0.1rc0 (win64)
Optimize a model with 5 rows, 16 columns and 24 nonzeros
Model fingerprint: 0x560cdb23
Model has 14 quadratic objective terms
Coefficient statistics:
  Matrix range     [1e+00, 1e+00]
  Objective range  [6e+01, 7e+01]
  QObjective range [5e-08, 2e+01]
  Bounds range     [1e+03, 1e+03]
  RHS range        [0e+00, 0e+00]
Presolve removed 0 rows and 5 columns
Presolve time: 0.00s
Presolved: 5 rows, 11 columns, 19 nonzeros
Presolved model has 14 quadratic objective terms
Ordering time: 0.00s

Barrier statistics:
 Free vars  : 5
 AA' NZ     : 4.100e+01
 Factor NZ  : 5.500e+01
 Factor Ops : 3.850e+02 (less than 1 second per iteration)
 Threads    : 1

                  Objective                Residual
Iter       Primal          Dual         Primal    Dual     Compl     Time
   0   1.10320378e+06 -3.76307000e+06  1.38e+03 6.57e+02  1.14e+06     0s
   1   2.00988822e+02 -2.40860178e+06  1.38e-03 6.57e-04  1.09e+05     0s
   2   5.42151357e+01 -9.50929422e+03  3.60e-06 1.72e-06  4.35e+02     0s
   3   1.96313571e+01  6.59771648e+00  3.60e-12 1.76e-12  5.92e-01     0s
   4   1.96310728e+01  1.96180279e+01  5.68e-14 1.78e-15  5.93e-04     0s
   5   1.96310728e+01  1.96310598e+01  5.68e-14 2.62e-14  5.94e-07     0s
   6   1.96310728e+01  1.96310728e+01  5.68e-14 8.66e-14  5.94e-10     0s

Barrier solved model in 6 iterations and 0.00 seconds
Optimal objective 1.96310728e+01


Gurobi 9.0.1 (win64, C++) logging started 03/17/20 18:51:28

Academic license - for non-commercial use only
Gurobi Optimizer version 9.0.1 build v9.0.1rc0 (win64)
Optimize a model with 5 rows, 16 columns and 24 nonzeros
Model fingerprint: 0x560cdb23
Model has 14 quadratic objective terms
Coefficient statistics:
  Matrix range     [1e+00, 1e+00]
  Objective range  [6e+01, 7e+01]
  QObjective range [5e-08, 2e+01]
  Bounds range     [1e+03, 1e+03]
  RHS range        [0e+00, 0e+00]
Presolve removed 0 rows and 5 columns
Presolve time: 0.00s
Presolved: 5 rows, 11 columns, 19 nonzeros
Presolved model has 14 quadratic objective terms
Ordering time: 0.00s

Barrier statistics:
 Free vars  : 5
 AA' NZ     : 4.100e+01
 Factor NZ  : 5.500e+01
 Factor Ops : 3.850e+02 (less than 1 second per iteration)
 Threads    : 1

                  Objective                Residual
Iter       Primal          Dual         Primal    Dual     Compl     Time
   0   1.10320378e+06 -3.76307000e+06  1.38e+03 6.57e+02  1.14e+06     0s
   1   2.00988822e+02 -2.40860178e+06  1.38e-03 6.57e-04  1.09e+05     0s
   2   5.42151357e+01 -9.50929422e+03  3.60e-06 1.72e-06  4.35e+02     0s
   3   1.96313571e+01  6.59771648e+00  3.60e-12 1.76e-12  5.92e-01     0s
   4   1.96310728e+01  1.96180279e+01  5.68e-14 1.78e-15  5.93e-04     0s
   5   1.96310728e+01  1.96310598e+01  5.68e-14 2.62e-14  5.94e-07     0s
   6   1.96310728e+01  1.96310728e+01  5.68e-14 8.66e-14  5.94e-10     0s

Barrier solved model in 6 iterations and 0.00 seconds
Optimal objective 1.96310728e+01


Gurobi 9.0.1 (win64, C++) logging started 03/17/20 18:51:28

Academic license - for non-commercial use only
Gurobi Optimizer version 9.0.1 build v9.0.1rc0 (win64)
Optimize a model with 5 rows, 16 columns and 24 nonzeros
Model fingerprint: 0x560cdb23
Model has 14 quadratic objective terms
Coefficient statistics:
  Matrix range     [1e+00, 1e+00]
  Objective range  [6e+01, 7e+01]
  QObjective range [5e-08, 2e+01]
  Bounds range     [1e+03, 1e+03]
  RHS range        [0e+00, 0e+00]
Presolve removed 0 rows and 5 columns
Presolve time: 0.00s
Presolved: 5 rows, 11 columns, 19 nonzeros
Presolved model has 14 quadratic objective terms
Ordering time: 0.00s

Barrier statistics:
 Free vars  : 5
 AA' NZ     : 4.100e+01
 Factor NZ  : 5.500e+01
 Factor Ops : 3.850e+02 (less than 1 second per iteration)
 Threads    : 1

                  Objective                Residual
Iter       Primal          Dual         Primal    Dual     Compl     Time
   0   1.10320378e+06 -3.76307000e+06  1.38e+03 6.57e+02  1.14e+06     0s
   1   2.00988822e+02 -2.40860178e+06  1.38e-03 6.57e-04  1.09e+05     0s
   2   5.42151357e+01 -9.50929422e+03  3.60e-06 1.72e-06  4.35e+02     0s
   3   1.96313571e+01  6.59771648e+00  3.60e-12 1.76e-12  5.92e-01     0s
   4   1.96310728e+01  1.96180279e+01  5.68e-14 1.78e-15  5.93e-04     0s
   5   1.96310728e+01  1.96310598e+01  5.68e-14 2.62e-14  5.94e-07     0s
   6   1.96310728e+01  1.96310728e+01  5.68e-14 8.66e-14  5.94e-10     0s

Barrier solved model in 6 iterations and 0.00 seconds
Optimal objective 1.96310728e+01


Gurobi 9.0.1 (win64, C++) logging started 03/17/20 18:51:28

Academic license - for non-commercial use only
Gurobi Optimizer version 9.0.1 build v9.0.1rc0 (win64)
Optimize a model with 5 rows, 16 columns and 24 nonzeros
Model fingerprint: 0x560cdb23
Model has 14 quadratic objective terms
Coefficient statistics:
  Matrix range     [1e+00, 1e+00]
  Objective range  [6e+01, 7e+01]
  QObjective range [5e-08, 2e+01]
  Bounds range     [1e+03, 1e+03]
  RHS range        [0e+00, 0e+00]
Presolve removed 0 rows and 5 columns
Presolve time: 0.00s
Presolved: 5 rows, 11 columns, 19 nonzeros
Presolved model has 14 quadratic objective terms
Ordering time: 0.00s

Barrier statistics:
 Free vars  : 5
 AA' NZ     : 4.100e+01
 Factor NZ  : 5.500e+01
 Factor Ops : 3.850e+02 (less than 1 second per iteration)
 Threads    : 1

                  Objective                Residual
Iter       Primal          Dual         Primal    Dual     Compl     Time
   0   1.10320378e+06 -3.76307000e+06  1.38e+03 6.57e+02  1.14e+06     0s
   1   2.00988822e+02 -2.40860178e+06  1.38e-03 6.57e-04  1.09e+05     0s
   2   5.42151357e+01 -9.50929422e+03  3.60e-06 1.72e-06  4.35e+02     0s
   3   1.96313571e+01  6.59771648e+00  3.60e-12 1.76e-12  5.92e-01     0s
   4   1.96310728e+01  1.96180279e+01  5.68e-14 1.78e-15  5.93e-04     0s
   5   1.96310728e+01  1.96310598e+01  5.68e-14 2.62e-14  5.94e-07     0s
   6   1.96310728e+01  1.96310728e+01  5.68e-14 8.66e-14  5.94e-10     0s

Barrier solved model in 6 iterations and 0.00 seconds
Optimal objective 1.96310728e+01


Gurobi 9.0.1 (win64, C++) logging started 03/17/20 18:51:28

Academic license - for non-commercial use only
Gurobi Optimizer version 9.0.1 build v9.0.1rc0 (win64)
Optimize a model with 5 rows, 16 columns and 24 nonzeros
Model fingerprint: 0x560cdb23
Model has 14 quadratic objective terms
Coefficient statistics:
  Matrix range     [1e+00, 1e+00]
  Objective range  [6e+01, 7e+01]
  QObjective range [5e-08, 2e+01]
  Bounds range     [1e+03, 1e+03]
  RHS range        [0e+00, 0e+00]
Presolve removed 0 rows and 5 columns
Presolve time: 0.00s
Presolved: 5 rows, 11 columns, 19 nonzeros
Presolved model has 14 quadratic objective terms
Ordering time: 0.00s

Barrier statistics:
 Free vars  : 5
 AA' NZ     : 4.100e+01
 Factor NZ  : 5.500e+01
 Factor Ops : 3.850e+02 (less than 1 second per iteration)
 Threads    : 1

                  Objective                Residual
Iter       Primal          Dual         Primal    Dual     Compl     Time
   0   1.10320378e+06 -3.76307000e+06  1.38e+03 6.57e+02  1.14e+06     0s
   1   2.00988822e+02 -2.40860178e+06  1.38e-03 6.57e-04  1.09e+05     0s
   2   5.42151357e+01 -9.50929422e+03  3.60e-06 1.72e-06  4.35e+02     0s
   3   1.96313571e+01  6.59771648e+00  3.60e-12 1.76e-12  5.92e-01     0s
   4   1.96310728e+01  1.96180279e+01  5.68e-14 1.78e-15  5.93e-04     0s
   5   1.96310728e+01  1.96310598e+01  5.68e-14 2.62e-14  5.94e-07     0s
   6   1.96310728e+01  1.96310728e+01  5.68e-14 8.66e-14  5.94e-10     0s

Barrier solved model in 6 iterations and 0.00 seconds
Optimal objective 1.96310728e+01


Gurobi 9.0.1 (win64, C++) logging started 03/17/20 18:51:28

Academic license - for non-commercial use only
Gurobi Optimizer version 9.0.1 build v9.0.1rc0 (win64)
Optimize a model with 5 rows, 16 columns and 24 nonzeros
Model fingerprint: 0x560cdb23
Model has 14 quadratic objective terms
Coefficient statistics:
  Matrix range     [1e+00, 1e+00]
  Objective range  [6e+01, 7e+01]
  QObjective range [5e-08, 2e+01]
  Bounds range     [1e+03, 1e+03]
  RHS range        [0e+00, 0e+00]
Presolve removed 0 rows and 5 columns
Presolve time: 0.00s
Presolved: 5 rows, 11 columns, 19 nonzeros
Presolved model has 14 quadratic objective terms
Ordering time: 0.00s

Barrier statistics:
 Free vars  : 5
 AA' NZ     : 4.100e+01
 Factor NZ  : 5.500e+01
 Factor Ops : 3.850e+02 (less than 1 second per iteration)
 Threads    : 1

                  Objective                Residual
Iter       Primal          Dual         Primal    Dual     Compl     Time
   0   1.10320378e+06 -3.76307000e+06  1.38e+03 6.57e+02  1.14e+06     0s
   1   2.00988822e+02 -2.40860178e+06  1.38e-03 6.57e-04  1.09e+05     0s
   2   5.42151357e+01 -9.50929422e+03  3.60e-06 1.72e-06  4.35e+02     0s
   3   1.96313571e+01  6.59771648e+00  3.60e-12 1.76e-12  5.92e-01     0s
   4   1.96310728e+01  1.96180279e+01  5.68e-14 1.78e-15  5.93e-04     0s
   5   1.96310728e+01  1.96310598e+01  5.68e-14 2.62e-14  5.94e-07     0s
   6   1.96310728e+01  1.96310728e+01  5.68e-14 8.66e-14  5.94e-10     0s

Barrier solved model in 6 iterations and 0.00 seconds
Optimal objective 1.96310728e+01


Gurobi 9.0.1 (win64, C++) logging started 03/17/20 18:51:28

Academic license - for non-commercial use only
Gurobi Optimizer version 9.0.1 build v9.0.1rc0 (win64)
Optimize a model with 5 rows, 16 columns and 24 nonzeros
Model fingerprint: 0x560cdb23
Model has 14 quadratic objective terms
Coefficient statistics:
  Matrix range     [1e+00, 1e+00]
  Objective range  [6e+01, 7e+01]
  QObjective range [5e-08, 2e+01]
  Bounds range     [1e+03, 1e+03]
  RHS range        [0e+00, 0e+00]
Presolve removed 0 rows and 5 columns
Presolve time: 0.00s
Presolved: 5 rows, 11 columns, 19 nonzeros
Presolved model has 14 quadratic objective terms
Ordering time: 0.00s

Barrier statistics:
 Free vars  : 5
 AA' NZ     : 4.100e+01
 Factor NZ  : 5.500e+01
 Factor Ops : 3.850e+02 (less than 1 second per iteration)
 Threads    : 1

                  Objective                Residual
Iter       Primal          Dual         Primal    Dual     Compl     Time
   0   1.10320378e+06 -3.76307000e+06  1.38e+03 6.57e+02  1.14e+06     0s
   1   2.00988822e+02 -2.40860178e+06  1.38e-03 6.57e-04  1.09e+05     0s
   2   5.42151357e+01 -9.50929422e+03  3.60e-06 1.72e-06  4.35e+02     0s
   3   1.96313571e+01  6.59771648e+00  3.60e-12 1.76e-12  5.92e-01     0s
   4   1.96310728e+01  1.96180279e+01  5.68e-14 1.78e-15  5.93e-04     0s
   5   1.96310728e+01  1.96310598e+01  5.68e-14 2.62e-14  5.94e-07     0s
   6   1.96310728e+01  1.96310728e+01  5.68e-14 8.66e-14  5.94e-10     0s

Barrier solved model in 6 iterations and 0.00 seconds
Optimal objective 1.96310728e+01


Gurobi 9.0.1 (win64, C++) logging started 03/17/20 18:51:28

Academic license - for non-commercial use only
Gurobi Optimizer version 9.0.1 build v9.0.1rc0 (win64)
Optimize a model with 5 rows, 16 columns and 24 nonzeros
Model fingerprint: 0x560cdb23
Model has 14 quadratic objective terms
Coefficient statistics:
  Matrix range     [1e+00, 1e+00]
  Objective range  [6e+01, 7e+01]
  QObjective range [5e-08, 2e+01]
  Bounds range     [1e+03, 1e+03]
  RHS range        [0e+00, 0e+00]
Presolve removed 0 rows and 5 columns
Presolve time: 0.01s
Presolved: 5 rows, 11 columns, 19 nonzeros
Presolved model has 14 quadratic objective terms
Ordering time: 0.00s

Barrier statistics:
 Free vars  : 5
 AA' NZ     : 4.100e+01
 Factor NZ  : 5.500e+01
 Factor Ops : 3.850e+02 (less than 1 second per iteration)
 Threads    : 1

                  Objective                Residual
Iter       Primal          Dual         Primal    Dual     Compl     Time
   0   1.10320378e+06 -3.76307000e+06  1.38e+03 6.57e+02  1.14e+06     0s
   1   2.00988822e+02 -2.40860178e+06  1.38e-03 6.57e-04  1.09e+05     0s
   2   5.42151357e+01 -9.50929422e+03  3.60e-06 1.72e-06  4.35e+02     0s
   3   1.96313571e+01  6.59771648e+00  3.60e-12 1.76e-12  5.92e-01     0s
   4   1.96310728e+01  1.96180279e+01  5.68e-14 1.78e-15  5.93e-04     0s
   5   1.96310728e+01  1.96310598e+01  5.68e-14 2.62e-14  5.94e-07     0s
   6   1.96310728e+01  1.96310728e+01  5.68e-14 8.66e-14  5.94e-10     0s

Barrier solved model in 6 iterations and 0.01 seconds
Optimal objective 1.96310728e+01


Gurobi 9.0.1 (win64, C++) logging started 03/17/20 18:51:28

Academic license - for non-commercial use only
Gurobi Optimizer version 9.0.1 build v9.0.1rc0 (win64)
Optimize a model with 5 rows, 16 columns and 24 nonzeros
Model fingerprint: 0x560cdb23
Model has 14 quadratic objective terms
Coefficient statistics:
  Matrix range     [1e+00, 1e+00]
  Objective range  [6e+01, 7e+01]
  QObjective range [5e-08, 2e+01]
  Bounds range     [1e+03, 1e+03]
  RHS range        [0e+00, 0e+00]
Presolve removed 0 rows and 5 columns
Presolve time: 0.00s
Presolved: 5 rows, 11 columns, 19 nonzeros
Presolved model has 14 quadratic objective terms
Ordering time: 0.00s

Barrier statistics:
 Free vars  : 5
 AA' NZ     : 4.100e+01
 Factor NZ  : 5.500e+01
 Factor Ops : 3.850e+02 (less than 1 second per iteration)
 Threads    : 1

                  Objective                Residual
Iter       Primal          Dual         Primal    Dual     Compl     Time
   0   1.10320378e+06 -3.76307000e+06  1.38e+03 6.57e+02  1.14e+06     0s
   1   2.00988822e+02 -2.40860178e+06  1.38e-03 6.57e-04  1.09e+05     0s
   2   5.42151357e+01 -9.50929422e+03  3.60e-06 1.72e-06  4.35e+02     0s
   3   1.96313571e+01  6.59771648e+00  3.60e-12 1.76e-12  5.92e-01     0s
   4   1.96310728e+01  1.96180279e+01  5.68e-14 1.78e-15  5.93e-04     0s
   5   1.96310728e+01  1.96310598e+01  5.68e-14 2.62e-14  5.94e-07     0s
   6   1.96310728e+01  1.96310728e+01  5.68e-14 8.66e-14  5.94e-10     0s

Barrier solved model in 6 iterations and 0.00 seconds
Optimal objective 1.96310728e+01


Gurobi 9.0.1 (win64, C++) logging started 03/17/20 18:51:28

Academic license - for non-commercial use only
Gurobi Optimizer version 9.0.1 build v9.0.1rc0 (win64)
Optimize a model with 5 rows, 16 columns and 24 nonzeros
Model fingerprint: 0x560cdb23
Model has 14 quadratic objective terms
Coefficient statistics:
  Matrix range     [1e+00, 1e+00]
  Objective range  [6e+01, 7e+01]
  QObjective range [5e-08, 2e+01]
  Bounds range     [1e+03, 1e+03]
  RHS range        [0e+00, 0e+00]
Presolve removed 0 rows and 5 columns
Presolve time: 0.00s
Presolved: 5 rows, 11 columns, 19 nonzeros
Presolved model has 14 quadratic objective terms
Ordering time: 0.00s

Barrier statistics:
 Free vars  : 5
 AA' NZ     : 4.100e+01
 Factor NZ  : 5.500e+01
 Factor Ops : 3.850e+02 (less than 1 second per iteration)
 Threads    : 1

                  Objective                Residual
Iter       Primal          Dual         Primal    Dual     Compl     Time
   0   1.10320378e+06 -3.76307000e+06  1.38e+03 6.57e+02  1.14e+06     0s
   1   2.00988822e+02 -2.40860178e+06  1.38e-03 6.57e-04  1.09e+05     0s
   2   5.42151357e+01 -9.50929422e+03  3.60e-06 1.72e-06  4.35e+02     0s
   3   1.96313571e+01  6.59771648e+00  3.60e-12 1.76e-12  5.92e-01     0s
   4   1.96310728e+01  1.96180279e+01  5.68e-14 1.78e-15  5.93e-04     0s
   5   1.96310728e+01  1.96310598e+01  5.68e-14 2.62e-14  5.94e-07     0s
   6   1.96310728e+01  1.96310728e+01  5.68e-14 8.66e-14  5.94e-10     0s

Barrier solved model in 6 iterations and 0.00 seconds
Optimal objective 1.96310728e+01


Gurobi 9.0.1 (win64, C++) logging started 03/17/20 18:52:41

Academic license - for non-commercial use only
Gurobi Optimizer version 9.0.1 build v9.0.1rc0 (win64)
Optimize a model with 5 rows, 16 columns and 24 nonzeros
Model fingerprint: 0x95e17df9
Model has 12 quadratic objective terms
Coefficient statistics:
  Matrix range     [1e+00, 2e+00]
  Objective range  [1e+02, 1e+02]
  QObjective range [2e-01, 5e+01]
  Bounds range     [1e+03, 1e+03]
  RHS range        [0e+00, 0e+00]
Presolve removed 0 rows and 5 columns
Presolve time: 0.00s
Presolved: 5 rows, 11 columns, 19 nonzeros
Presolved model has 12 quadratic objective terms
Ordering time: 0.00s

Barrier statistics:
 Free vars  : 5
 AA' NZ     : 3.900e+01
 Factor NZ  : 5.500e+01
 Factor Ops : 3.850e+02 (less than 1 second per iteration)
 Threads    : 1

                  Objective                Residual
Iter       Primal          Dual         Primal    Dual     Compl     Time
   0   5.63200429e+05 -2.87477300e+06  1.00e+03 1.14e-13  1.13e+06     0s
   1   1.12896850e+02 -2.10866453e+06  1.00e-03 1.71e-13  9.59e+04     0s
   2   2.87933817e+01 -4.51481164e+03  1.09e-06 3.15e-13  2.07e+02     0s
   3   2.65080829e+01  2.19326003e+01  1.07e-11 6.11e-16  2.08e-01     0s
   4   2.65080807e+01  2.65035006e+01  9.44e-14 1.31e-15  2.08e-04     0s
   5   2.65080807e+01  2.65080761e+01  6.53e-14 1.69e-13  2.08e-07     0s
   6   2.65080807e+01  2.65080806e+01  5.68e-14 3.55e-15  2.09e-10     0s

Barrier solved model in 6 iterations and 0.00 seconds
Optimal objective 2.65080807e+01


Gurobi 9.0.1 (win64, C++) logging started 03/17/20 18:52:41

Academic license - for non-commercial use only
Gurobi Optimizer version 9.0.1 build v9.0.1rc0 (win64)
Optimize a model with 5 rows, 16 columns and 24 nonzeros
Model fingerprint: 0x95e17df9
Model has 12 quadratic objective terms
Coefficient statistics:
  Matrix range     [1e+00, 2e+00]
  Objective range  [1e+02, 1e+02]
  QObjective range [2e-01, 5e+01]
  Bounds range     [1e+03, 1e+03]
  RHS range        [0e+00, 0e+00]
Presolve removed 0 rows and 5 columns
Presolve time: 0.00s
Presolved: 5 rows, 11 columns, 19 nonzeros
Presolved model has 12 quadratic objective terms
Ordering time: 0.00s

Barrier statistics:
 Free vars  : 5
 AA' NZ     : 3.900e+01
 Factor NZ  : 5.500e+01
 Factor Ops : 3.850e+02 (less than 1 second per iteration)
 Threads    : 1

                  Objective                Residual
Iter       Primal          Dual         Primal    Dual     Compl     Time
   0   5.63200429e+05 -2.87477300e+06  1.00e+03 1.14e-13  1.13e+06     0s
   1   1.12896850e+02 -2.10866453e+06  1.00e-03 1.71e-13  9.59e+04     0s
   2   2.87933817e+01 -4.51481164e+03  1.09e-06 3.15e-13  2.07e+02     0s
   3   2.65080829e+01  2.19326003e+01  1.07e-11 6.11e-16  2.08e-01     0s
   4   2.65080807e+01  2.65035006e+01  9.44e-14 1.31e-15  2.08e-04     0s
   5   2.65080807e+01  2.65080761e+01  6.53e-14 1.69e-13  2.08e-07     0s
   6   2.65080807e+01  2.65080806e+01  5.68e-14 3.55e-15  2.09e-10     0s

Barrier solved model in 6 iterations and 0.00 seconds
Optimal objective 2.65080807e+01


Gurobi 9.0.1 (win64, C++) logging started 03/17/20 18:52:41

Academic license - for non-commercial use only
Gurobi Optimizer version 9.0.1 build v9.0.1rc0 (win64)
Optimize a model with 5 rows, 16 columns and 24 nonzeros
Model fingerprint: 0x95e17df9
Model has 12 quadratic objective terms
Coefficient statistics:
  Matrix range     [1e+00, 2e+00]
  Objective range  [1e+02, 1e+02]
  QObjective range [2e-01, 5e+01]
  Bounds range     [1e+03, 1e+03]
  RHS range        [0e+00, 0e+00]
Presolve removed 0 rows and 5 columns
Presolve time: 0.00s
Presolved: 5 rows, 11 columns, 19 nonzeros
Presolved model has 12 quadratic objective terms
Ordering time: 0.00s

Barrier statistics:
 Free vars  : 5
 AA' NZ     : 3.900e+01
 Factor NZ  : 5.500e+01
 Factor Ops : 3.850e+02 (less than 1 second per iteration)
 Threads    : 1

                  Objective                Residual
Iter       Primal          Dual         Primal    Dual     Compl     Time
   0   5.63200429e+05 -2.87477300e+06  1.00e+03 1.14e-13  1.13e+06     0s
   1   1.12896850e+02 -2.10866453e+06  1.00e-03 1.71e-13  9.59e+04     0s
   2   2.87933817e+01 -4.51481164e+03  1.09e-06 3.15e-13  2.07e+02     0s
   3   2.65080829e+01  2.19326003e+01  1.07e-11 6.11e-16  2.08e-01     0s
   4   2.65080807e+01  2.65035006e+01  9.44e-14 1.31e-15  2.08e-04     0s
   5   2.65080807e+01  2.65080761e+01  6.53e-14 1.69e-13  2.08e-07     0s
   6   2.65080807e+01  2.65080806e+01  5.68e-14 3.55e-15  2.09e-10     0s

Barrier solved model in 6 iterations and 0.00 seconds
Optimal objective 2.65080807e+01


Gurobi 9.0.1 (win64, C++) logging started 03/17/20 18:52:41

Academic license - for non-commercial use only
Gurobi Optimizer version 9.0.1 build v9.0.1rc0 (win64)
Optimize a model with 5 rows, 16 columns and 24 nonzeros
Model fingerprint: 0x95e17df9
Model has 12 quadratic objective terms
Coefficient statistics:
  Matrix range     [1e+00, 2e+00]
  Objective range  [1e+02, 1e+02]
  QObjective range [2e-01, 5e+01]
  Bounds range     [1e+03, 1e+03]
  RHS range        [0e+00, 0e+00]
Presolve removed 0 rows and 5 columns
Presolve time: 0.00s
Presolved: 5 rows, 11 columns, 19 nonzeros
Presolved model has 12 quadratic objective terms
Ordering time: 0.00s

Barrier statistics:
 Free vars  : 5
 AA' NZ     : 3.900e+01
 Factor NZ  : 5.500e+01
 Factor Ops : 3.850e+02 (less than 1 second per iteration)
 Threads    : 1

                  Objective                Residual
Iter       Primal          Dual         Primal    Dual     Compl     Time
   0   5.63200429e+05 -2.87477300e+06  1.00e+03 1.14e-13  1.13e+06     0s
   1   1.12896850e+02 -2.10866453e+06  1.00e-03 1.71e-13  9.59e+04     0s
   2   2.87933817e+01 -4.51481164e+03  1.09e-06 3.15e-13  2.07e+02     0s
   3   2.65080829e+01  2.19326003e+01  1.07e-11 6.11e-16  2.08e-01     0s
   4   2.65080807e+01  2.65035006e+01  9.44e-14 1.31e-15  2.08e-04     0s
   5   2.65080807e+01  2.65080761e+01  6.53e-14 1.69e-13  2.08e-07     0s
   6   2.65080807e+01  2.65080806e+01  5.68e-14 3.55e-15  2.09e-10     0s

Barrier solved model in 6 iterations and 0.00 seconds
Optimal objective 2.65080807e+01


Gurobi 9.0.1 (win64, C++) logging started 03/17/20 18:52:41

Academic license - for non-commercial use only
Gurobi Optimizer version 9.0.1 build v9.0.1rc0 (win64)
Optimize a model with 5 rows, 16 columns and 24 nonzeros
Model fingerprint: 0x95e17df9
Model has 12 quadratic objective terms
Coefficient statistics:
  Matrix range     [1e+00, 2e+00]
  Objective range  [1e+02, 1e+02]
  QObjective range [2e-01, 5e+01]
  Bounds range     [1e+03, 1e+03]
  RHS range        [0e+00, 0e+00]
Presolve removed 0 rows and 5 columns
Presolve time: 0.00s
Presolved: 5 rows, 11 columns, 19 nonzeros
Presolved model has 12 quadratic objective terms
Ordering time: 0.00s

Barrier statistics:
 Free vars  : 5
 AA' NZ     : 3.900e+01
 Factor NZ  : 5.500e+01
 Factor Ops : 3.850e+02 (less than 1 second per iteration)
 Threads    : 1

                  Objective                Residual
Iter       Primal          Dual         Primal    Dual     Compl     Time
   0   5.63200429e+05 -2.87477300e+06  1.00e+03 1.14e-13  1.13e+06     0s
   1   1.12896850e+02 -2.10866453e+06  1.00e-03 1.71e-13  9.59e+04     0s
   2   2.87933817e+01 -4.51481164e+03  1.09e-06 3.15e-13  2.07e+02     0s
   3   2.65080829e+01  2.19326003e+01  1.07e-11 6.11e-16  2.08e-01     0s
   4   2.65080807e+01  2.65035006e+01  9.44e-14 1.31e-15  2.08e-04     0s
   5   2.65080807e+01  2.65080761e+01  6.53e-14 1.69e-13  2.08e-07     0s
   6   2.65080807e+01  2.65080806e+01  5.68e-14 3.55e-15  2.09e-10     0s

Barrier solved model in 6 iterations and 0.01 seconds
Optimal objective 2.65080807e+01


Gurobi 9.0.1 (win64, C++) logging started 03/17/20 18:52:41

Academic license - for non-commercial use only
Gurobi Optimizer version 9.0.1 build v9.0.1rc0 (win64)
Optimize a model with 5 rows, 16 columns and 24 nonzeros
Model fingerprint: 0x95e17df9
Model has 12 quadratic objective terms
Coefficient statistics:
  Matrix range     [1e+00, 2e+00]
  Objective range  [1e+02, 1e+02]
  QObjective range [2e-01, 5e+01]
  Bounds range     [1e+03, 1e+03]
  RHS range        [0e+00, 0e+00]
Presolve removed 0 rows and 5 columns
Presolve time: 0.00s
Presolved: 5 rows, 11 columns, 19 nonzeros
Presolved model has 12 quadratic objective terms
Ordering time: 0.00s

Barrier statistics:
 Free vars  : 5
 AA' NZ     : 3.900e+01
 Factor NZ  : 5.500e+01
 Factor Ops : 3.850e+02 (less than 1 second per iteration)
 Threads    : 1

                  Objective                Residual
Iter       Primal          Dual         Primal    Dual     Compl     Time
   0   5.63200429e+05 -2.87477300e+06  1.00e+03 1.14e-13  1.13e+06     0s
   1   1.12896850e+02 -2.10866453e+06  1.00e-03 1.71e-13  9.59e+04     0s
   2   2.87933817e+01 -4.51481164e+03  1.09e-06 3.15e-13  2.07e+02     0s
   3   2.65080829e+01  2.19326003e+01  1.07e-11 6.11e-16  2.08e-01     0s
   4   2.65080807e+01  2.65035006e+01  9.44e-14 1.31e-15  2.08e-04     0s
   5   2.65080807e+01  2.65080761e+01  6.53e-14 1.69e-13  2.08e-07     0s
   6   2.65080807e+01  2.65080806e+01  5.68e-14 3.55e-15  2.09e-10     0s

Barrier solved model in 6 iterations and 0.00 seconds
Optimal objective 2.65080807e+01


Gurobi 9.0.1 (win64, C++) logging started 03/17/20 18:55:52

Academic license - for non-commercial use only
Gurobi Optimizer version 9.0.1 build v9.0.1rc0 (win64)
Optimize a model with 5 rows, 16 columns and 24 nonzeros
Model fingerprint: 0xafcfbbcc
Model has 13 quadratic objective terms
Coefficient statistics:
  Matrix range     [1e+00, 2e+00]
  Objective range  [3e+01, 1e+02]
  QObjective range [2e-07, 4e+01]
  Bounds range     [1e+03, 1e+03]
  RHS range        [0e+00, 0e+00]
Presolve removed 0 rows and 5 columns
Presolve time: 0.00s
Presolved: 5 rows, 11 columns, 19 nonzeros
Presolved model has 13 quadratic objective terms
Ordering time: 0.00s

Barrier statistics:
 Free vars  : 5
 AA' NZ     : 4.000e+01
 Factor NZ  : 5.500e+01
 Factor Ops : 3.850e+02 (less than 1 second per iteration)
 Threads    : 1

                  Objective                Residual
Iter       Primal          Dual         Primal    Dual     Compl     Time
   0   7.18769422e+05 -3.78106308e+06  1.15e+03 3.13e+01  1.16e+06     0s
   1   3.75379032e+02 -2.49790984e+06  1.15e-03 3.13e-05  1.14e+05     0s
   2   1.37136209e+02 -1.38932689e+04  4.25e-06 1.16e-07  6.38e+02     0s
   3   2.36763212e+01 -1.13087422e+01  4.26e-12 1.14e-13  1.59e+00     0s
   4   2.36721271e+01  2.36371323e+01  1.42e-13 1.78e-14  1.59e-03     0s
   5   2.36721271e+01  2.36720921e+01  5.68e-14 5.13e-14  1.59e-06     0s
   6   2.36721271e+01  2.36721271e+01  1.14e-13 1.78e-15  1.59e-09     0s

Barrier solved model in 6 iterations and 0.00 seconds
Optimal objective 2.36721271e+01


Gurobi 9.0.1 (win64, C++) logging started 03/17/20 18:58:52

Academic license - for non-commercial use only
Gurobi Optimizer version 9.0.1 build v9.0.1rc0 (win64)
Optimize a model with 5 rows, 16 columns and 24 nonzeros
Model fingerprint: 0x9ab71d01
Model has 13 quadratic objective terms
Coefficient statistics:
  Matrix range     [1e+00, 1e+00]
  Objective range  [6e+01, 7e+01]
  QObjective range [1e-07, 2e+01]
  Bounds range     [1e+03, 1e+03]
  RHS range        [0e+00, 0e+00]
Presolve removed 0 rows and 5 columns
Presolve time: 0.00s
Presolved: 5 rows, 11 columns, 19 nonzeros
Presolved model has 13 quadratic objective terms
Ordering time: 0.00s

Barrier statistics:
 Free vars  : 5
 AA' NZ     : 4.000e+01
 Factor NZ  : 5.500e+01
 Factor Ops : 3.850e+02 (less than 1 second per iteration)
 Threads    : 1

                  Objective                Residual
Iter       Primal          Dual         Primal    Dual     Compl     Time
   0   8.61306953e+05 -3.78164266e+06  1.38e+03 3.19e+01  1.16e+06     0s
   1   3.63339879e+02 -2.49791224e+06  1.38e-03 3.19e-05  1.14e+05     0s
   2   1.24705215e+02 -1.36200548e+04  4.98e-06 1.15e-07  6.25e+02     0s
   3   1.96345071e+01 -1.27818489e+01  4.97e-12 9.95e-14  1.47e+00     0s
   4   1.96310728e+01  1.95986447e+01  1.14e-13 2.84e-14  1.47e-03     0s
   5   1.96310728e+01  1.96310404e+01  1.14e-13 1.34e-13  1.48e-06     0s
   6   1.96310728e+01  1.96310728e+01  4.29e-14 1.81e-14  1.48e-09     0s

Barrier solved model in 6 iterations and 0.00 seconds
Optimal objective 1.96310728e+01


Gurobi 9.0.1 (win64, C++) logging started 03/17/20 19:10:35

Academic license - for non-commercial use only
Gurobi Optimizer version 9.0.1 build v9.0.1rc0 (win64)
Optimize a model with 5 rows, 16 columns and 24 nonzeros
Model fingerprint: 0x7db2fdcc
Model has 14 quadratic objective terms
Coefficient statistics:
  Matrix range     [1e+00, 1e+00]
  Objective range  [4e+01, 8e+01]
  QObjective range [5e-08, 2e+01]
  Bounds range     [1e+03, 1e+03]
  RHS range        [0e+00, 0e+00]
Presolve removed 0 rows and 5 columns
Presolve time: 0.00s
Presolved: 5 rows, 11 columns, 19 nonzeros
Presolved model has 14 quadratic objective terms
Ordering time: 0.00s

Barrier statistics:
 Free vars  : 5
 AA' NZ     : 4.100e+01
 Factor NZ  : 5.500e+01
 Factor Ops : 3.850e+02 (less than 1 second per iteration)
 Threads    : 1

                  Objective                Residual
Iter       Primal          Dual         Primal    Dual     Compl     Time
   0   1.02673767e+06 -3.76323746e+06  1.27e+03 6.57e+02  1.14e+06     0s
   1   2.06170512e+02 -2.40859902e+06  1.27e-03 6.57e-04  1.09e+05     0s
   2   6.05838898e+01 -9.61953783e+03  3.36e-06 1.75e-06  4.40e+02     0s
   3   2.41206762e+01  1.06506300e+01  3.35e-12 1.73e-12  6.12e-01     0s
   4   2.41203517e+01  2.41068702e+01  4.26e-14 1.11e-16  6.13e-04     0s
   5   2.41203517e+01  2.41203382e+01  5.68e-14 1.80e-14  6.13e-07     0s
   6   2.41203517e+01  2.41203517e+01  5.68e-14 3.81e-14  6.14e-10     0s

Barrier solved model in 6 iterations and 0.01 seconds
Optimal objective 2.41203517e+01


Gurobi 9.0.1 (win64, C++) logging started 03/17/20 19:10:53

Academic license - for non-commercial use only
Gurobi Optimizer version 9.0.1 build v9.0.1rc0 (win64)
Optimize a model with 5 rows, 16 columns and 24 nonzeros
Model fingerprint: 0xe10199d8
Model has 14 quadratic objective terms
Coefficient statistics:
  Matrix range     [1e+00, 1e+00]
  Objective range  [5e+01, 7e+01]
  QObjective range [5e-08, 2e+01]
  Bounds range     [1e+03, 1e+03]
  RHS range        [0e+00, 0e+00]
Presolve removed 0 rows and 5 columns
Presolve time: 0.00s
Presolved: 5 rows, 11 columns, 19 nonzeros
Presolved model has 14 quadratic objective terms
Ordering time: 0.00s

Barrier statistics:
 Free vars  : 5
 AA' NZ     : 4.100e+01
 Factor NZ  : 5.500e+01
 Factor Ops : 3.850e+02 (less than 1 second per iteration)
 Threads    : 1

                  Objective                Residual
Iter       Primal          Dual         Primal    Dual     Compl     Time
   0   1.06569109e+06 -3.76408393e+06  1.33e+03 6.58e+02  1.14e+06     0s
   1   2.03245626e+02 -2.40860057e+06  1.33e-03 6.58e-04  1.09e+05     0s
   2   5.71605631e+01 -9.55257304e+03  3.50e-06 1.73e-06  4.37e+02     0s
   3   2.18613063e+01  8.66977720e+00  3.51e-12 1.71e-12  6.00e-01     0s
   4   2.18610085e+01  2.18478056e+01  4.26e-14 1.88e-14  6.00e-04     0s
   5   2.18610085e+01  2.18609953e+01  4.26e-14 3.43e-14  6.01e-07     0s
   6   2.18610085e+01  2.18610085e+01  5.68e-14 5.71e-14  6.01e-10     0s

Barrier solved model in 6 iterations and 0.00 seconds
Optimal objective 2.18610085e+01


Gurobi 9.0.1 (win64, C++) logging started 03/17/20 19:14:45

Academic license - for non-commercial use only
Gurobi Optimizer version 9.0.1 build v9.0.1rc0 (win64)
Optimize a model with 5 rows, 16 columns and 24 nonzeros
Model fingerprint: 0x60676d65
Model has 14 quadratic objective terms
Coefficient statistics:
  Matrix range     [1e+00, 2e+00]
  Objective range  [4e+01, 8e+01]
  QObjective range [5e-08, 3e+01]
  Bounds range     [1e+03, 1e+03]
  RHS range        [0e+00, 0e+00]
Presolve removed 0 rows and 5 columns
Presolve time: 0.00s
Presolved: 5 rows, 11 columns, 19 nonzeros
Presolved model has 14 quadratic objective terms
Ordering time: 0.00s

Barrier statistics:
 Free vars  : 5
 AA' NZ     : 4.100e+01
 Factor NZ  : 5.500e+01
 Factor Ops : 3.850e+02 (less than 1 second per iteration)
 Threads    : 1

                  Objective                Residual
Iter       Primal          Dual         Primal    Dual     Compl     Time
   0   1.00994098e+06 -3.76773528e+06  1.25e+03 6.63e+02  1.14e+06     0s
   1   2.05383319e+02 -2.40860017e+06  1.25e-03 6.63e-04  1.09e+05     0s
   2   6.20799772e+01 -9.60297962e+03  3.30e-06 1.76e-06  4.39e+02     0s
   3   2.59149600e+01  1.25608062e+01  3.30e-12 1.73e-12  6.07e-01     0s
   4   2.59146494e+01  2.59012838e+01  7.11e-14 3.45e-14  6.08e-04     0s
   5   2.59146494e+01  2.59146361e+01  5.68e-14 9.02e-16  6.08e-07     0s
   6   2.59146494e+01  2.59146494e+01  5.68e-14 9.08e-14  6.09e-10     0s

Barrier solved model in 6 iterations and 0.00 seconds
Optimal objective 2.59146494e+01


Gurobi 9.0.1 (win64, C++) logging started 03/17/20 19:15:17

Academic license - for non-commercial use only
Gurobi Optimizer version 9.0.1 build v9.0.1rc0 (win64)
Optimize a model with 5 rows, 16 columns and 24 nonzeros
Model fingerprint: 0xe31f585c
Model has 14 quadratic objective terms
Coefficient statistics:
  Matrix range     [8e-01, 1e+00]
  Objective range  [4e+01, 5e+01]
  QObjective range [5e-08, 2e+01]
  Bounds range     [1e+03, 1e+03]
  RHS range        [0e+00, 0e+00]
Presolve removed 0 rows and 5 columns
Presolve time: 0.00s
Presolved: 5 rows, 11 columns, 19 nonzeros
Presolved model has 14 quadratic objective terms
Ordering time: 0.00s

Barrier statistics:
 Free vars  : 5
 AA' NZ     : 4.100e+01
 Factor NZ  : 5.500e+01
 Factor Ops : 3.850e+02 (less than 1 second per iteration)
 Threads    : 1

                  Objective                Residual
Iter       Primal          Dual         Primal    Dual     Compl     Time
   0   1.56430465e+06 -3.69442958e+06  1.39e+03 8.96e+02  1.13e+06     0s
   1   2.46011991e+02 -2.28368669e+06  1.39e-03 8.96e-04  1.04e+05     0s
   2   6.02709979e+01 -1.03247910e+04  4.27e-06 2.76e-06  4.72e+02     0s
   3   2.08675164e+01  7.73236899e+00  4.26e-12 2.76e-12  5.97e-01     0s
   4   2.08673248e+01  2.08541777e+01  2.84e-14 4.62e-14  5.98e-04     0s
   5   2.08673248e+01  2.08673116e+01  2.84e-14 2.67e-14  5.98e-07     0s
   6   2.08673248e+01  2.08673248e+01  2.84e-14 7.24e-25  5.99e-10     0s

Barrier solved model in 6 iterations and 0.00 seconds
Optimal objective 2.08673248e+01


Gurobi 9.0.1 (win64, C++) logging started 03/17/20 19:16:27

Academic license - for non-commercial use only
Gurobi Optimizer version 9.0.1 build v9.0.1rc0 (win64)
Optimize a model with 5 rows, 16 columns and 24 nonzeros
Model fingerprint: 0xfc97c595
Model has 14 quadratic objective terms
Coefficient statistics:
  Matrix range     [1e+00, 1e+00]
  Objective range  [5e+01, 7e+01]
  QObjective range [5e-08, 2e+01]
  Bounds range     [1e+03, 1e+03]
  RHS range        [0e+00, 0e+00]
Presolve removed 0 rows and 5 columns
Presolve time: 0.00s
Presolved: 5 rows, 11 columns, 19 nonzeros
Presolved model has 14 quadratic objective terms
Ordering time: 0.00s

Barrier statistics:
 Free vars  : 5
 AA' NZ     : 4.100e+01
 Factor NZ  : 5.500e+01
 Factor Ops : 3.850e+02 (less than 1 second per iteration)
 Threads    : 1

                  Objective                Residual
Iter       Primal          Dual         Primal    Dual     Compl     Time
   0   1.05382906e+06 -3.76039261e+06  1.31e+03 6.54e+02  1.14e+06     0s
   1   2.05325937e+02 -2.40859901e+06  1.31e-03 6.54e-04  1.09e+05     0s
   2   5.80911303e+01 -9.60501222e+03  3.46e-06 1.73e-06  4.39e+02     0s
   3   2.18613325e+01  8.41730697e+00  3.47e-12 1.76e-12  6.11e-01     0s
   4   2.18610085e+01  2.18475530e+01  2.84e-14 1.16e-15  6.12e-04     0s
   5   2.18610085e+01  2.18609950e+01  2.84e-14 1.41e-14  6.12e-07     0s
   6   2.18610085e+01  2.18610085e+01  5.68e-14 2.84e-14  6.13e-10     0s

Barrier solved model in 6 iterations and 0.01 seconds
Optimal objective 2.18610085e+01


Gurobi 9.0.1 (win64, C++) logging started 03/17/20 19:19:14

Academic license - for non-commercial use only
Gurobi Optimizer version 9.0.1 build v9.0.1rc0 (win64)
Optimize a model with 5 rows, 16 columns and 24 nonzeros
Model fingerprint: 0x8ed62928
Model has 13 quadratic objective terms
Coefficient statistics:
  Matrix range     [1e+00, 1e+00]
  Objective range  [7e+01, 7e+01]
  QObjective range [1e-07, 2e+01]
  Bounds range     [1e+03, 1e+03]
  RHS range        [0e+00, 0e+00]
Presolve removed 0 rows and 5 columns
Presolve time: 0.00s
Presolved: 5 rows, 11 columns, 19 nonzeros
Presolved model has 13 quadratic objective terms
Ordering time: 0.00s

Barrier statistics:
 Free vars  : 5
 AA' NZ     : 4.000e+01
 Factor NZ  : 5.500e+01
 Factor Ops : 3.850e+02 (less than 1 second per iteration)
 Threads    : 1

                  Objective                Residual
Iter       Primal          Dual         Primal    Dual     Compl     Time
   0   9.43595533e+05 -3.78096182e+06  1.46e+03 3.12e+01  1.16e+06     0s
   1   3.57657952e+02 -2.49791728e+06  1.46e-03 3.12e-05  1.14e+05     0s
   2   1.19325371e+02 -1.35175795e+04  5.22e-06 1.12e-07  6.20e+02     0s
   3   1.71080677e+01 -1.44748799e+01  5.22e-12 1.14e-13  1.44e+00     0s
   4   1.71048505e+01  1.70732553e+01  4.26e-14 6.45e-14  1.44e-03     0s
   5   1.71048505e+01  1.71048189e+01  8.53e-14 4.85e-14  1.44e-06     0s
   6   1.71048505e+01  1.71048505e+01  7.11e-14 1.78e-15  1.44e-09     0s

Barrier solved model in 6 iterations and 0.01 seconds
Optimal objective 1.71048505e+01


Gurobi 9.0.1 (win64, C++) logging started 03/17/20 19:20:17

Academic license - for non-commercial use only
Gurobi Optimizer version 9.0.1 build v9.0.1rc0 (win64)
Optimize a model with 5 rows, 16 columns and 24 nonzeros
Model fingerprint: 0x59afbf39
Model has 14 quadratic objective terms
Coefficient statistics:
  Matrix range     [1e+00, 1e+00]
  Objective range  [7e+01, 7e+01]
  QObjective range [5e-08, 2e+01]
  Bounds range     [1e+03, 1e+03]
  RHS range        [0e+00, 0e+00]
Presolve removed 0 rows and 5 columns
Presolve time: 0.00s
Presolved: 5 rows, 11 columns, 19 nonzeros
Presolved model has 14 quadratic objective terms
Ordering time: 0.00s

Barrier statistics:
 Free vars  : 5
 AA' NZ     : 4.100e+01
 Factor NZ  : 5.500e+01
 Factor Ops : 3.850e+02 (less than 1 second per iteration)
 Threads    : 1

                  Objective                Residual
Iter       Primal          Dual         Primal    Dual     Compl     Time
   0   1.20441889e+06 -3.76621278e+06  1.49e+03 6.61e+02  1.14e+06     0s
   1   1.93603492e+02 -2.40860788e+06  1.49e-03 6.61e-04  1.09e+05     0s
   2   4.87864890e+01 -9.32365435e+03  3.79e-06 1.69e-06  4.26e+02     0s
   3   1.71050742e+01  4.78303669e+00  3.79e-12 1.65e-12  5.60e-01     0s
   4   1.71048505e+01  1.70925175e+01  4.26e-14 5.68e-14  5.61e-04     0s
   5   1.71048505e+01  1.71048382e+01  2.84e-14 6.23e-14  5.61e-07     0s
   6   1.71048505e+01  1.71048505e+01  4.26e-14 8.60e-14  5.62e-10     0s

Barrier solved model in 6 iterations and 0.01 seconds
Optimal objective 1.71048505e+01


Gurobi 9.0.1 (win64, C++) logging started 03/17/20 19:32:13

Academic license - for non-commercial use only
Gurobi Optimizer version 9.0.1 build v9.0.1rc0 (win64)
Optimize a model with 5 rows, 16 columns and 24 nonzeros
Model fingerprint: 0xa5bd87af
Model has 14 quadratic objective terms
Coefficient statistics:
  Matrix range     [1e+00, 1e+00]
  Objective range  [6e+01, 7e+01]
  QObjective range [5e-08, 2e+01]
  Bounds range     [1e+03, 1e+03]
  RHS range        [0e+00, 0e+00]
Presolve removed 0 rows and 5 columns
Presolve time: 0.00s
Presolved: 5 rows, 11 columns, 19 nonzeros
Presolved model has 14 quadratic objective terms
Ordering time: 0.00s

Barrier statistics:
 Free vars  : 5
 AA' NZ     : 4.100e+01
 Factor NZ  : 5.500e+01
 Factor Ops : 3.850e+02 (less than 1 second per iteration)
 Threads    : 1

                  Objective                Residual
Iter       Primal          Dual         Primal    Dual     Compl     Time
   0   1.09723104e+06 -3.76122328e+06  1.37e+03 6.55e+02  1.14e+06     0s
   1   2.02018291e+02 -2.40860095e+06  1.37e-03 6.55e-04  1.09e+05     0s
   2   5.46549698e+01 -9.53445675e+03  3.59e-06 1.72e-06  4.36e+02     0s
   3   1.96313691e+01  6.47815672e+00  3.60e-12 1.73e-12  5.98e-01     0s
   4   1.96310728e+01  1.96179082e+01  5.68e-14 2.89e-15  5.98e-04     0s
   5   1.96310728e+01  1.96310596e+01  2.84e-14 2.84e-14  5.99e-07     0s
   6   1.96310728e+01  1.96310728e+01  1.14e-13 2.99e-17  6.00e-10     0s

Barrier solved model in 6 iterations and 0.00 seconds
Optimal objective 1.96310728e+01


Gurobi 9.0.1 (win64, C++) logging started 03/17/20 19:33:35

Academic license - for non-commercial use only
Gurobi Optimizer version 9.0.1 build v9.0.1rc0 (win64)
Optimize a model with 5 rows, 16 columns and 24 nonzeros
Model fingerprint: 0x40a602c0
Model has 15 quadratic objective terms
Coefficient statistics:
  Matrix range     [1e+00, 2e+00]
  Objective range  [8e+01, 2e+02]
  QObjective range [5e-08, 5e+01]
  Bounds range     [1e+03, 1e+03]
  RHS range        [0e+00, 0e+00]
Presolve removed 0 rows and 5 columns
Presolve time: 0.00s
Presolved: 5 rows, 11 columns, 19 nonzeros
Presolved model has 15 quadratic objective terms
Ordering time: 0.00s

Barrier statistics:
 Free vars  : 5
 AA' NZ     : 4.100e+01
 Factor NZ  : 5.500e+01
 Factor Ops : 3.850e+02 (less than 1 second per iteration)
 Threads    : 1

                  Objective                Residual
Iter       Primal          Dual         Primal    Dual     Compl     Time
   0   1.40973495e+06 -3.78638812e+06  1.28e+03 3.67e+01  1.16e+06     0s
   1   4.19709040e+02 -2.49782678e+06  1.28e-03 3.67e-05  1.14e+05     0s
   2   1.39958647e+02 -1.36769836e+04  4.63e-06 1.33e-07  6.28e+02     0s
   3   3.47229937e+01  2.52821959e+00  4.66e-12 1.42e-13  1.46e+00     0s
   4   3.47197099e+01  3.46875027e+01  1.42e-13 1.11e-16  1.46e-03     0s
   5   3.47197099e+01  3.47196776e+01  1.28e-13 6.44e-14  1.47e-06     0s
   6   3.47197099e+01  3.47197099e+01  1.56e-13 6.36e-15  1.47e-09     0s

Barrier solved model in 6 iterations and 0.01 seconds
Optimal objective 3.47197099e+01


Gurobi 9.0.1 (win64, C++) logging started 03/17/20 19:46:49

Academic license - for non-commercial use only

Gurobi 9.0.1 (win64, C++) logging started 03/17/20 19:46:58

Academic license - for non-commercial use only

Gurobi 9.0.1 (win64, C++) logging started 03/17/20 19:47:19

Academic license - for non-commercial use only
Gurobi Optimizer version 9.0.1 build v9.0.1rc0 (win64)
Optimize a model with 5 rows, 16 columns and 24 nonzeros
Model fingerprint: 0x4a6914ab
Model has 12 quadratic objective terms
Coefficient statistics:
  Matrix range     [1e+00, 1e+00]
  Objective range  [6e+01, 7e+01]
  QObjective range [2e-01, 2e+01]
  Bounds range     [1e+03, 1e+03]
  RHS range        [0e+00, 0e+00]
Presolve removed 0 rows and 5 columns
Presolve time: 0.00s
Presolved: 5 rows, 11 columns, 19 nonzeros
Presolved model has 12 quadratic objective terms
Ordering time: 0.00s

Barrier statistics:
 Free vars  : 5
 AA' NZ     : 3.900e+01
 Factor NZ  : 5.500e+01
 Factor Ops : 3.850e+02 (less than 1 second per iteration)
 Threads    : 1

                  Objective                Residual
Iter       Primal          Dual         Primal    Dual     Compl     Time
   0   9.03227620e+05 -4.82524762e+06  1.38e+03 5.75e+02  1.18e+06     0s
   1   4.60812599e+02 -2.74897498e+06  1.38e-03 5.75e-04  1.25e+05     0s
   2   8.46229209e+01 -1.62922243e+04  5.15e-06 2.14e-06  7.44e+02     0s
   3   1.78843380e+01 -1.97069534e+00  1.44e-10 6.00e-11  9.03e-01     0s
   4   1.78841562e+01  1.78642824e+01  1.28e-13 3.55e-15  9.03e-04     0s
   5   1.78841562e+01  1.78841363e+01  8.53e-14 2.22e-16  9.04e-07     0s
   6   1.78841562e+01  1.78841561e+01  5.68e-14 3.55e-15  9.05e-10     0s

Barrier solved model in 6 iterations and 0.00 seconds
Optimal objective 1.78841562e+01


Gurobi 9.0.1 (win64, C++) logging started 03/17/20 19:53:24

Academic license - for non-commercial use only
Gurobi Optimizer version 9.0.1 build v9.0.1rc0 (win64)
Optimize a model with 5 rows, 16 columns and 24 nonzeros
Model fingerprint: 0x21521de1
Model has 12 quadratic objective terms
Coefficient statistics:
  Matrix range     [1e+00, 1e+00]
  Objective range  [4e+01, 8e+01]
  QObjective range [2e-01, 2e+01]
  Bounds range     [1e+03, 1e+03]
  RHS range        [0e+00, 0e+00]
Presolve removed 0 rows and 5 columns
Presolve time: 0.00s
Presolved: 5 rows, 11 columns, 19 nonzeros
Presolved model has 12 quadratic objective terms
Ordering time: 0.00s

Barrier statistics:
 Free vars  : 5
 AA' NZ     : 3.900e+01
 Factor NZ  : 5.500e+01
 Factor Ops : 3.850e+02 (less than 1 second per iteration)
 Threads    : 1

                  Objective                Residual
Iter       Primal          Dual         Primal    Dual     Compl     Time
   0   1.05236397e+06 -4.56229816e+06  1.29e+03 5.63e+02  1.17e+06     0s
   1   5.22872138e+02 -2.62316739e+06  1.29e-03 5.63e-04  1.19e+05     0s
   2   9.70497163e+01 -1.62579343e+04  5.00e-06 2.18e-06  7.43e+02     0s
   3   2.41205883e+01  3.35459562e+00  1.49e-10 6.51e-11  9.44e-01     0s
   4   2.41203517e+01  2.40995664e+01  5.68e-14 3.32e-14  9.45e-04     0s
   5   2.41203517e+01  2.41203309e+01  2.56e-13 1.55e-14  9.46e-07     0s
   6   2.41203517e+01  2.41203517e+01  8.53e-14 1.29e-14  9.47e-10     0s

Barrier solved model in 6 iterations and 0.01 seconds
Optimal objective 2.41203517e+01

